<?xml version="1.0" encoding="UTF-8"?>
<!-- Generated by org.testng.reporters.JUnitXMLReporter -->
<testsuite ignored="0" hostname="Predator" failures="0" tests="3" name="Default test" time="8.818" errors="0" timestamp="2025-09-24T16:56:59 EDT">
  <testcase classname="testPackage.LoginRegressionTest" name="invalidLogin" time="0.874"/>
  <testcase classname="testPackage.LoginRegressionTest" name="invalidLogin" time="0.933"/>
  <testcase classname="testPackage.LoginRegressionTest" name="validLogin" time="1.246"/>
</testsuite> <!-- Default test -->
