<?xml version="1.0" encoding="UTF-8"?>
<!-- Generated by org.testng.reporters.JUnitXMLReporter -->
<testsuite ignored="0" hostname="Predator" failures="0" tests="3" name="RegressionTest" time="9.27" errors="0" timestamp="2025-09-24T19:16:05 EDT">
  <testcase classname="testPackage.LoginRegressionTest" name="invalidLogin" time="0.979"/>
  <testcase classname="testPackage.LoginRegressionTest" name="invalidLogin" time="0.932"/>
  <testcase classname="testPackage.LoginRegressionTest" name="validLogin" time="1.263"/>
</testsuite> <!-- RegressionTest -->
