<?xml version="1.0" encoding="UTF-8"?>
<!-- Generated by org.testng.reporters.JUnitXMLReporter -->
<testsuite ignored="0" hostname="Predator" failures="0" tests="3" name="RegressionTest" time="8.198" errors="0" timestamp="2025-09-24T16:06:55 EDT">
  <testcase classname="testPackage.LoginRegressionTest" name="invalidLogin" time="0.838"/>
  <testcase classname="testPackage.LoginRegressionTest" name="invalidLogin" time="0.833"/>
  <testcase classname="testPackage.LoginRegressionTest" name="validLogin" time="1.189"/>
</testsuite> <!-- RegressionTest -->
