<?xml version="1.0" encoding="UTF-8"?>
<testng-results ignored="0" total="3" passed="3" failed="0" skipped="0">
  <reporter-output>
  </reporter-output>
  <suite started-at="2025-09-24T19:15:56 EDT" name="Suite" finished-at="2025-09-24T19:16:05 EDT" duration-ms="9270">
    <groups>
    </groups>
    <test started-at="2025-09-24T19:15:56 EDT" name="RegressionTest" finished-at="2025-09-24T19:16:05 EDT" duration-ms="9270">
      <class name="testPackage.LoginRegressionTest">
        <test-method is-config="true" signature="testSetup()[pri:0, instance:testPackage.LoginRegressionTest@14cd1699]" started-at="2025-09-24T19:15:56 EDT" name="testSetup" finished-at="2025-09-24T19:15:58 EDT" duration-ms="1939" status="PASS">
          <reporter-output>
          </reporter-output>
        </test-method> <!-- testSetup -->
        <test-method is-config="true" signature="setup()[pri:0, instance:testPackage.LoginRegressionTest@14cd1699]" started-at="2025-09-24T19:15:58 EDT" name="setup" finished-at="2025-09-24T19:15:58 EDT" duration-ms="3" status="PASS">
          <reporter-output>
          </reporter-output>
        </test-method> <!-- setup -->
        <test-method signature="invalidLogin(java.lang.String,java.lang.String,java.lang.String)[pri:0, instance:testPackage.LoginRegressionTest@14cd1699]" started-at="2025-09-24T19:15:58 EDT" name="invalidLogin" data-provider="OrangeHRM_LoginData" finished-at="2025-09-24T19:15:59 EDT" duration-ms="979" status="PASS">
          <params>
            <param index="0">
              <value>
                <![CDATA[sudo]]>
              </value>
            </param>
            <param index="1">
              <value>
                <![CDATA[dodood2212]]>
              </value>
            </param>
            <param index="2">
              <value>
                <![CDATA[Invalid credentials]]>
              </value>
            </param>
          </params>
          <reporter-output>
          </reporter-output>
        </test-method> <!-- invalidLogin -->
        <test-method is-config="true" signature="teardown()[pri:0, instance:testPackage.LoginRegressionTest@14cd1699]" started-at="2025-09-24T19:15:59 EDT" name="teardown" finished-at="2025-09-24T19:15:59 EDT" duration-ms="152" status="PASS">
          <reporter-output>
          </reporter-output>
        </test-method> <!-- teardown -->
        <test-method is-config="true" signature="testSetup()[pri:0, instance:testPackage.LoginRegressionTest@14cd1699]" started-at="2025-09-24T19:15:59 EDT" name="testSetup" finished-at="2025-09-24T19:16:01 EDT" duration-ms="1507" status="PASS">
          <reporter-output>
          </reporter-output>
        </test-method> <!-- testSetup -->
        <test-method signature="invalidLogin(java.lang.String,java.lang.String,java.lang.String)[pri:0, instance:testPackage.LoginRegressionTest@14cd1699]" started-at="2025-09-24T19:16:01 EDT" name="invalidLogin" data-provider="OrangeHRM_LoginData" finished-at="2025-09-24T19:16:02 EDT" duration-ms="932" status="PASS">
          <params>
            <param index="0">
              <value>
                <![CDATA[jackuu]]>
              </value>
            </param>
            <param index="1">
              <value>
                <![CDATA[ddees2343]]>
              </value>
            </param>
            <param index="2">
              <value>
                <![CDATA[Invalid credentials]]>
              </value>
            </param>
          </params>
          <reporter-output>
          </reporter-output>
        </test-method> <!-- invalidLogin -->
        <test-method is-config="true" signature="setup()[pri:0, instance:testPackage.LoginRegressionTest@14cd1699]" started-at="2025-09-24T19:16:01 EDT" name="setup" finished-at="2025-09-24T19:16:01 EDT" duration-ms="0" status="PASS">
          <reporter-output>
          </reporter-output>
        </test-method> <!-- setup -->
        <test-method is-config="true" signature="teardown()[pri:0, instance:testPackage.LoginRegressionTest@14cd1699]" started-at="2025-09-24T19:16:02 EDT" name="teardown" finished-at="2025-09-24T19:16:02 EDT" duration-ms="148" status="PASS">
          <reporter-output>
          </reporter-output>
        </test-method> <!-- teardown -->
        <test-method is-config="true" signature="testSetup()[pri:0, instance:testPackage.LoginRegressionTest@14cd1699]" started-at="2025-09-24T19:16:02 EDT" name="testSetup" finished-at="2025-09-24T19:16:03 EDT" duration-ms="1474" status="PASS">
          <reporter-output>
          </reporter-output>
        </test-method> <!-- testSetup -->
        <test-method is-config="true" signature="setup()[pri:0, instance:testPackage.LoginRegressionTest@14cd1699]" started-at="2025-09-24T19:16:03 EDT" name="setup" finished-at="2025-09-24T19:16:03 EDT" duration-ms="1" status="PASS">
          <reporter-output>
          </reporter-output>
        </test-method> <!-- setup -->
        <test-method signature="validLogin(java.lang.String,java.lang.String,java.lang.String)[pri:1, instance:testPackage.LoginRegressionTest@14cd1699]" started-at="2025-09-24T19:16:03 EDT" name="validLogin" data-provider="OrangeHRM_LoginData" finished-at="2025-09-24T19:16:05 EDT" duration-ms="1263" status="PASS">
          <params>
            <param index="0">
              <value>
                <![CDATA[Admin]]>
              </value>
            </param>
            <param index="1">
              <value>
                <![CDATA[admin123]]>
              </value>
            </param>
            <param index="2">
              <value>
                <![CDATA[Dashboard]]>
              </value>
            </param>
          </params>
          <reporter-output>
          </reporter-output>
        </test-method> <!-- validLogin -->
        <test-method is-config="true" signature="teardown()[pri:0, instance:testPackage.LoginRegressionTest@14cd1699]" started-at="2025-09-24T19:16:05 EDT" name="teardown" finished-at="2025-09-24T19:16:05 EDT" duration-ms="128" status="PASS">
          <reporter-output>
          </reporter-output>
        </test-method> <!-- teardown -->
      </class> <!-- testPackage.LoginRegressionTest -->
    </test> <!-- RegressionTest -->
  </suite> <!-- Suite -->
</testng-results>
